<?xml version="1.0" encoding="UTF-8"?>
<!-- Generated by org.testng.reporters.JUnitReportReporter -->
<testsuite hostname="LAPTOP-0QEPCK00" failures="0" tests="1" name="testDataProvider.DataProviderAcceptanceExample" time="0.001" errors="0" timestamp="07 Apr 2024 18:45:20 GMT" skipped="0">
  <testcase classname="testDataProvider.DataProviderAcceptanceExample" name="acceptanceTest" time="0.001"/>
</testsuite> <!-- testDataProvider.DataProviderAcceptanceExample -->
