<?xml version="1.0" encoding="UTF-8"?>
<!-- Generated by org.testng.reporters.JUnitReportReporter -->
<testsuite hostname="LAPTOP-0QEPCK00" failures="0" tests="1" name="test.FirstTestNG" time="0.010" errors="0" timestamp="17 May 2021 08:30:20 GMT" skipped="0">
  <testcase classname="test.FirstTestNG" name="helloNew" time="0.010"/>
</testsuite> <!-- test.FirstTestNG -->
