<?xml version="1.0" encoding="UTF-8"?>
<!-- Generated by org.testng.reporters.JUnitReportReporter -->
<testsuite hostname="LAPTOP-0QEPCK00" failures="0" tests="3" name="test.SkippingExample" time="0.009" errors="0" timestamp="28 May 2021 06:27:31 GMT" skipped="1">
  <testcase classname="test.SkippingExample" name="testFour" time="0.008"/>
  <testcase classname="test.SkippingExample" name="testOne" time="0.001"/>
  <testcase classname="test.SkippingExample" name="testTwo">
    <skipped/>
  </testcase> <!-- testTwo -->
</testsuite> <!-- test.SkippingExample -->
