<?xml version="1.0" encoding="UTF-8"?>
<!-- Generated by org.testng.reporters.JUnitReportReporter -->
<testsuite hostname="LAPTOP-0QEPCK00" failures="0" tests="2" name="test.TestParameters" time="0.013" errors="0" timestamp="07 Apr 2024 18:44:25 GMT" skipped="0">
  <testcase classname="test.TestParameters" name="testCaseOne" time="0.012"/>
  <testcase classname="test.TestParameters" name="testCaseTwo" time="0.001"/>
</testsuite> <!-- test.TestParameters -->
