<?xml version="1.0" encoding="UTF-8"?>
<!-- Generated by org.testng.reporters.JUnitReportReporter -->
<testsuite hostname="LAPTOP-0QEPCK00" failures="0" tests="3" name="testDataProvider.DataProviderParameterExample" time="0.008" errors="0" timestamp="07 Apr 2024 18:45:20 GMT" skipped="0">
  <testcase classname="testDataProvider.DataProviderParameterExample" name="scenario2" time="0.000"/>
  <testcase classname="testDataProvider.DataProviderParameterExample" name="commonScenarios" time="0.007"/>
  <testcase classname="testDataProvider.DataProviderParameterExample" name="scenario1" time="0.001"/>
</testsuite> <!-- testDataProvider.DataProviderParameterExample -->
