<?xml version="1.0" encoding="UTF-8"?>
<!-- Generated by org.testng.reporters.JUnitReportReporter -->
<testsuite hostname="LAPTOP-0QEPCK00" failures="0" tests="2" name="test.TestCaseGrouping" time="0.009" errors="0" timestamp="07 Apr 2024 18:37:14 GMT" skipped="0">
  <testcase classname="test.TestCaseGrouping" name="testCaseOne" time="0.008"/>
  <testcase classname="test.TestCaseGrouping" name="testCaseTwo" time="0.001"/>
</testsuite> <!-- test.TestCaseGrouping -->
